{"/Users/nag-training/Desktop/example-apps/products-catalog-v2/app.js": {"path":"/Users/nag-training/Desktop/example-apps/products-catalog-v2/app.js","statementMap":{"0":{"start":{"line":1,"column":18},"end":{"line":1,"column":40}},"1":{"start":{"line":2,"column":14},"end":{"line":2,"column":32}},"2":{"start":{"line":3,"column":11},"end":{"line":3,"column":26}},"3":{"start":{"line":4,"column":19},"end":{"line":4,"column":43}},"4":{"start":{"line":5,"column":13},"end":{"line":5,"column":30}},"5":{"start":{"line":6,"column":15},"end":{"line":6,"column":34}},"6":{"start":{"line":7,"column":15},"end":{"line":7,"column":34}},"7":{"start":{"line":8,"column":14},"end":{"line":8,"column":40}},"8":{"start":{"line":10,"column":18},"end":{"line":10,"column":43}},"9":{"start":{"line":11,"column":18},"end":{"line":11,"column":43}},"10":{"start":{"line":12,"column":21},"end":{"line":12,"column":49}},"11":{"start":{"line":14,"column":10},"end":{"line":14,"column":19}},"12":{"start":{"line":18,"column":0},"end":{"line":22,"column":3}},"13":{"start":{"line":19,"column":2},"end":{"line":19,"column":49}},"14":{"start":{"line":20,"column":2},"end":{"line":20,"column":95}},"15":{"start":{"line":21,"column":2},"end":{"line":21,"column":9}},"16":{"start":{"line":25,"column":0},"end":{"line":25,"column":39}},"17":{"start":{"line":26,"column":0},"end":{"line":26,"column":31}},"18":{"start":{"line":28,"column":10},"end":{"line":28,"column":54}},"19":{"start":{"line":29,"column":0},"end":{"line":35,"column":4}},"20":{"start":{"line":40,"column":0},"end":{"line":40,"column":48}},"21":{"start":{"line":41,"column":0},"end":{"line":41,"column":30}},"22":{"start":{"line":43,"column":0},"end":{"line":43,"column":23}},"23":{"start":{"line":44,"column":0},"end":{"line":44,"column":24}},"24":{"start":{"line":45,"column":0},"end":{"line":45,"column":49}},"25":{"start":{"line":46,"column":0},"end":{"line":46,"column":24}},"26":{"start":{"line":47,"column":0},"end":{"line":47,"column":56}},"27":{"start":{"line":49,"column":0},"end":{"line":49,"column":26}},"28":{"start":{"line":50,"column":0},"end":{"line":50,"column":31}},"29":{"start":{"line":51,"column":0},"end":{"line":51,"column":41}},"30":{"start":{"line":55,"column":0},"end":{"line":57,"column":3}},"31":{"start":{"line":56,"column":2},"end":{"line":56,"column":25}},"32":{"start":{"line":60,"column":0},"end":{"line":67,"column":3}},"33":{"start":{"line":62,"column":2},"end":{"line":62,"column":35}},"34":{"start":{"line":63,"column":2},"end":{"line":63,"column":69}},"35":{"start":{"line":66,"column":2},"end":{"line":66,"column":53}},"36":{"start":{"line":69,"column":0},"end":{"line":69,"column":21}}},"fnMap":{"0":{"name":"(anonymous_0)","decl":{"start":{"line":18,"column":8},"end":{"line":18,"column":9}},"loc":{"start":{"line":18,"column":34},"end":{"line":22,"column":1}},"line":18},"1":{"name":"(anonymous_1)","decl":{"start":{"line":30,"column":8},"end":{"line":30,"column":9}},"loc":{"start":{"line":30,"column":14},"end":{"line":32,"column":3}},"line":30},"2":{"name":"(anonymous_2)","decl":{"start":{"line":33,"column":9},"end":{"line":33,"column":10}},"loc":{"start":{"line":33,"column":15},"end":{"line":35,"column":3}},"line":33},"3":{"name":"(anonymous_3)","decl":{"start":{"line":55,"column":8},"end":{"line":55,"column":9}},"loc":{"start":{"line":55,"column":34},"end":{"line":57,"column":1}},"line":55},"4":{"name":"(anonymous_4)","decl":{"start":{"line":60,"column":8},"end":{"line":60,"column":9}},"loc":{"start":{"line":60,"column":39},"end":{"line":67,"column":1}},"line":60}},"branchMap":{"0":{"loc":{"start":{"line":63,"column":21},"end":{"line":63,"column":68}},"type":"cond-expr","locations":[{"start":{"line":63,"column":60},"end":{"line":63,"column":63}},{"start":{"line":63,"column":66},"end":{"line":63,"column":68}}],"line":63},"1":{"loc":{"start":{"line":66,"column":13},"end":{"line":66,"column":30}},"type":"binary-expr","locations":[{"start":{"line":66,"column":13},"end":{"line":66,"column":23}},{"start":{"line":66,"column":27},"end":{"line":66,"column":30}}],"line":66}},"s":{"0":1,"1":1,"2":1,"3":1,"4":1,"5":1,"6":1,"7":1,"8":1,"9":1,"10":1,"11":1,"12":1,"13":1,"14":1,"15":1,"16":1,"17":1,"18":1,"19":1,"20":1,"21":1,"22":1,"23":1,"24":1,"25":1,"26":1,"27":1,"28":1,"29":1,"30":1,"31":0,"32":1,"33":0,"34":0,"35":0,"36":1},"f":{"0":1,"1":1,"2":0,"3":0,"4":0},"b":{"0":[0,0],"1":[0,0]},"_coverageSchema":"43e27e138ebf9cfc5966b082cf9a028302ed4184","hash":"efd3b820e4817efc0cc7f1d0e18f35ab0f42ec02"}
,"/Users/nag-training/Desktop/example-apps/products-catalog-v2/config/passport.js": {"path":"/Users/nag-training/Desktop/example-apps/products-catalog-v2/config/passport.js","statementMap":{"0":{"start":{"line":2,"column":22},"end":{"line":2,"column":56}},"1":{"start":{"line":3,"column":17},"end":{"line":3,"column":36}},"2":{"start":{"line":4,"column":15},"end":{"line":4,"column":34}},"3":{"start":{"line":6,"column":13},"end":{"line":6,"column":37}},"4":{"start":{"line":8,"column":0},"end":{"line":35,"column":1}},"5":{"start":{"line":9,"column":4},"end":{"line":26,"column":8}},"6":{"start":{"line":11,"column":8},"end":{"line":25,"column":10}},"7":{"start":{"line":14,"column":12},"end":{"line":16,"column":13}},"8":{"start":{"line":15,"column":16},"end":{"line":15,"column":71}},"9":{"start":{"line":17,"column":12},"end":{"line":24,"column":14}},"10":{"start":{"line":18,"column":16},"end":{"line":18,"column":35}},"11":{"start":{"line":18,"column":25},"end":{"line":18,"column":35}},"12":{"start":{"line":19,"column":16},"end":{"line":23,"column":17}},"13":{"start":{"line":20,"column":20},"end":{"line":20,"column":44}},"14":{"start":{"line":22,"column":20},"end":{"line":22,"column":76}},"15":{"start":{"line":27,"column":4},"end":{"line":29,"column":7}},"16":{"start":{"line":28,"column":8},"end":{"line":28,"column":28}},"17":{"start":{"line":30,"column":4},"end":{"line":34,"column":7}},"18":{"start":{"line":31,"column":8},"end":{"line":33,"column":11}},"19":{"start":{"line":32,"column":12},"end":{"line":32,"column":28}}},"fnMap":{"0":{"name":"(anonymous_0)","decl":{"start":{"line":8,"column":17},"end":{"line":8,"column":18}},"loc":{"start":{"line":8,"column":37},"end":{"line":35,"column":1}},"line":8},"1":{"name":"(anonymous_1)","decl":{"start":{"line":10,"column":4},"end":{"line":10,"column":5}},"loc":{"start":{"line":10,"column":34},"end":{"line":26,"column":5}},"line":10},"2":{"name":"(anonymous_2)","decl":{"start":{"line":13,"column":16},"end":{"line":13,"column":17}},"loc":{"start":{"line":13,"column":24},"end":{"line":25,"column":9}},"line":13},"3":{"name":"(anonymous_3)","decl":{"start":{"line":17,"column":52},"end":{"line":17,"column":53}},"loc":{"start":{"line":17,"column":70},"end":{"line":24,"column":13}},"line":17},"4":{"name":"(anonymous_4)","decl":{"start":{"line":27,"column":27},"end":{"line":27,"column":28}},"loc":{"start":{"line":27,"column":49},"end":{"line":29,"column":5}},"line":27},"5":{"name":"(anonymous_5)","decl":{"start":{"line":30,"column":29},"end":{"line":30,"column":30}},"loc":{"start":{"line":30,"column":49},"end":{"line":34,"column":5}},"line":30},"6":{"name":"(anonymous_6)","decl":{"start":{"line":31,"column":26},"end":{"line":31,"column":27}},"loc":{"start":{"line":31,"column":47},"end":{"line":33,"column":9}},"line":31}},"branchMap":{"0":{"loc":{"start":{"line":14,"column":12},"end":{"line":16,"column":13}},"type":"if","locations":[{"start":{"line":14,"column":12},"end":{"line":16,"column":13}},{"start":{"line":14,"column":12},"end":{"line":16,"column":13}}],"line":14},"1":{"loc":{"start":{"line":18,"column":16},"end":{"line":18,"column":35}},"type":"if","locations":[{"start":{"line":18,"column":16},"end":{"line":18,"column":35}},{"start":{"line":18,"column":16},"end":{"line":18,"column":35}}],"line":18},"2":{"loc":{"start":{"line":19,"column":16},"end":{"line":23,"column":17}},"type":"if","locations":[{"start":{"line":19,"column":16},"end":{"line":23,"column":17}},{"start":{"line":19,"column":16},"end":{"line":23,"column":17}}],"line":19}},"s":{"0":1,"1":1,"2":1,"3":1,"4":1,"5":1,"6":0,"7":0,"8":0,"9":0,"10":0,"11":0,"12":0,"13":0,"14":0,"15":1,"16":0,"17":1,"18":0,"19":0},"f":{"0":1,"1":0,"2":0,"3":0,"4":0,"5":0,"6":0},"b":{"0":[0,0],"1":[0,0],"2":[0,0]},"_coverageSchema":"43e27e138ebf9cfc5966b082cf9a028302ed4184","hash":"0b2be52681f98c15d6958ed94ef5f218a190d86a"}
,"/Users/nag-training/Desktop/example-apps/products-catalog-v2/helpers/auth.js": {"path":"/Users/nag-training/Desktop/example-apps/products-catalog-v2/helpers/auth.js","statementMap":{"0":{"start":{"line":1,"column":10},"end":{"line":1,"column":33}},"1":{"start":{"line":3,"column":0},"end":{"line":25,"column":1}},"2":{"start":{"line":10,"column":8},"end":{"line":12,"column":9}},"3":{"start":{"line":11,"column":12},"end":{"line":11,"column":62}},"4":{"start":{"line":13,"column":8},"end":{"line":23,"column":14}},"5":{"start":{"line":14,"column":12},"end":{"line":14,"column":86}},"6":{"start":{"line":16,"column":12},"end":{"line":23,"column":14}},"7":{"start":{"line":17,"column":16},"end":{"line":22,"column":17}},"8":{"start":{"line":18,"column":20},"end":{"line":18,"column":103}},"9":{"start":{"line":20,"column":20},"end":{"line":20,"column":41}},"10":{"start":{"line":21,"column":20},"end":{"line":21,"column":26}}},"fnMap":{"0":{"name":"(anonymous_0)","decl":{"start":{"line":4,"column":25},"end":{"line":4,"column":26}},"loc":{"start":{"line":4,"column":51},"end":{"line":24,"column":5}},"line":4},"1":{"name":"(anonymous_1)","decl":{"start":{"line":16,"column":40},"end":{"line":16,"column":41}},"loc":{"start":{"line":16,"column":58},"end":{"line":23,"column":13}},"line":16}},"branchMap":{"0":{"loc":{"start":{"line":10,"column":8},"end":{"line":12,"column":9}},"type":"if","locations":[{"start":{"line":10,"column":8},"end":{"line":12,"column":9}},{"start":{"line":10,"column":8},"end":{"line":12,"column":9}}],"line":10},"1":{"loc":{"start":{"line":13,"column":8},"end":{"line":23,"column":14}},"type":"if","locations":[{"start":{"line":13,"column":8},"end":{"line":23,"column":14}},{"start":{"line":13,"column":8},"end":{"line":23,"column":14}}],"line":13},"2":{"loc":{"start":{"line":17,"column":16},"end":{"line":22,"column":17}},"type":"if","locations":[{"start":{"line":17,"column":16},"end":{"line":22,"column":17}},{"start":{"line":17,"column":16},"end":{"line":22,"column":17}}],"line":17}},"s":{"0":1,"1":1,"2":0,"3":0,"4":0,"5":0,"6":0,"7":0,"8":0,"9":0,"10":0},"f":{"0":0,"1":0},"b":{"0":[0,0],"1":[0,0],"2":[0,0]},"_coverageSchema":"43e27e138ebf9cfc5966b082cf9a028302ed4184","hash":"7e1b33de1e81fb6b5e8e89f73687e7b77972b300"}
,"/Users/nag-training/Desktop/example-apps/products-catalog-v2/model/Product.js": {"path":"/Users/nag-training/Desktop/example-apps/products-catalog-v2/model/Product.js","statementMap":{"0":{"start":{"line":2,"column":15},"end":{"line":2,"column":34}},"1":{"start":{"line":3,"column":15},"end":{"line":3,"column":30}},"2":{"start":{"line":5,"column":20},"end":{"line":11,"column":2}},"3":{"start":{"line":14,"column":14},"end":{"line":14,"column":64}},"4":{"start":{"line":15,"column":0},"end":{"line":15,"column":25}}},"fnMap":{},"branchMap":{},"s":{"0":1,"1":1,"2":1,"3":1,"4":1},"f":{},"b":{},"_coverageSchema":"43e27e138ebf9cfc5966b082cf9a028302ed4184","hash":"4a8e10f119f630d44de7c65f5a8a923695bcb490"}
,"/Users/nag-training/Desktop/example-apps/products-catalog-v2/model/Review.js": {"path":"/Users/nag-training/Desktop/example-apps/products-catalog-v2/model/Review.js","statementMap":{"0":{"start":{"line":2,"column":15},"end":{"line":2,"column":34}},"1":{"start":{"line":3,"column":15},"end":{"line":3,"column":30}},"2":{"start":{"line":5,"column":19},"end":{"line":10,"column":2}},"3":{"start":{"line":13,"column":13},"end":{"line":13,"column":60}},"4":{"start":{"line":14,"column":0},"end":{"line":14,"column":24}}},"fnMap":{},"branchMap":{},"s":{"0":1,"1":1,"2":1,"3":1,"4":1},"f":{},"b":{},"_coverageSchema":"43e27e138ebf9cfc5966b082cf9a028302ed4184","hash":"bb1ca307adeb1a11efcd1bafa33a7384ab08e601"}
,"/Users/nag-training/Desktop/example-apps/products-catalog-v2/model/User.js": {"path":"/Users/nag-training/Desktop/example-apps/products-catalog-v2/model/User.js","statementMap":{"0":{"start":{"line":2,"column":15},"end":{"line":2,"column":34}},"1":{"start":{"line":3,"column":13},"end":{"line":3,"column":28}},"2":{"start":{"line":4,"column":10},"end":{"line":4,"column":33}},"3":{"start":{"line":7,"column":17},"end":{"line":19,"column":2}},"4":{"start":{"line":21,"column":0},"end":{"line":24,"column":1}},"5":{"start":{"line":22,"column":16},"end":{"line":22,"column":69}},"6":{"start":{"line":23,"column":4},"end":{"line":23,"column":17}},"7":{"start":{"line":26,"column":0},"end":{"line":26,"column":52}}},"fnMap":{"0":{"name":"(anonymous_0)","decl":{"start":{"line":21,"column":33},"end":{"line":21,"column":34}},"loc":{"start":{"line":21,"column":45},"end":{"line":24,"column":1}},"line":21}},"branchMap":{},"s":{"0":1,"1":1,"2":1,"3":1,"4":1,"5":0,"6":0,"7":1},"f":{"0":0},"b":{},"_coverageSchema":"43e27e138ebf9cfc5966b082cf9a028302ed4184","hash":"edd3cc9a6fb857946e649cf46b8815db9855cb95"}
,"/Users/nag-training/Desktop/example-apps/products-catalog-v2/routes/index.js": {"path":"/Users/nag-training/Desktop/example-apps/products-catalog-v2/routes/index.js","statementMap":{"0":{"start":{"line":1,"column":14},"end":{"line":1,"column":32}},"1":{"start":{"line":2,"column":13},"end":{"line":2,"column":29}},"2":{"start":{"line":5,"column":0},"end":{"line":7,"column":3}},"3":{"start":{"line":6,"column":2},"end":{"line":6,"column":35}},"4":{"start":{"line":9,"column":0},"end":{"line":9,"column":24}}},"fnMap":{"0":{"name":"(anonymous_0)","decl":{"start":{"line":5,"column":16},"end":{"line":5,"column":17}},"loc":{"start":{"line":5,"column":42},"end":{"line":7,"column":1}},"line":5}},"branchMap":{},"s":{"0":1,"1":1,"2":1,"3":1,"4":1},"f":{"0":1},"b":{},"_coverageSchema":"43e27e138ebf9cfc5966b082cf9a028302ed4184","hash":"79d315d564b73a2ce2b79254a6b8279343f32b24"}
,"/Users/nag-training/Desktop/example-apps/products-catalog-v2/routes/products.js": {"path":"/Users/nag-training/Desktop/example-apps/products-catalog-v2/routes/products.js","statementMap":{"0":{"start":{"line":3,"column":14},"end":{"line":3,"column":32}},"1":{"start":{"line":4,"column":13},"end":{"line":4,"column":29}},"2":{"start":{"line":6,"column":14},"end":{"line":6,"column":41}},"3":{"start":{"line":7,"column":13},"end":{"line":7,"column":39}},"4":{"start":{"line":9,"column":11},"end":{"line":9,"column":37}},"5":{"start":{"line":11,"column":0},"end":{"line":75,"column":6}},"6":{"start":{"line":13,"column":8},"end":{"line":13,"column":29}},"7":{"start":{"line":14,"column":8},"end":{"line":17,"column":14}},"8":{"start":{"line":16,"column":16},"end":{"line":16,"column":34}},"9":{"start":{"line":20,"column":17},"end":{"line":20,"column":30}},"10":{"start":{"line":21,"column":8},"end":{"line":24,"column":14}},"11":{"start":{"line":23,"column":16},"end":{"line":23,"column":68}},"12":{"start":{"line":27,"column":17},"end":{"line":27,"column":30}},"13":{"start":{"line":28,"column":8},"end":{"line":31,"column":14}},"14":{"start":{"line":30,"column":16},"end":{"line":30,"column":33}},"15":{"start":{"line":34,"column":19},"end":{"line":34,"column":27}},"16":{"start":{"line":35,"column":24},"end":{"line":35,"column":41}},"17":{"start":{"line":36,"column":8},"end":{"line":39,"column":14}},"18":{"start":{"line":38,"column":16},"end":{"line":38,"column":45}},"19":{"start":{"line":42,"column":23},"end":{"line":42,"column":31}},"20":{"start":{"line":43,"column":17},"end":{"line":43,"column":30}},"21":{"start":{"line":44,"column":8},"end":{"line":52,"column":14}},"22":{"start":{"line":46,"column":16},"end":{"line":46,"column":45}},"23":{"start":{"line":47,"column":16},"end":{"line":47,"column":46}},"24":{"start":{"line":48,"column":16},"end":{"line":51,"column":22}},"25":{"start":{"line":50,"column":24},"end":{"line":50,"column":41}},"26":{"start":{"line":55,"column":17},"end":{"line":55,"column":30}},"27":{"start":{"line":56,"column":21},"end":{"line":56,"column":41}},"28":{"start":{"line":57,"column":8},"end":{"line":64,"column":10}},"29":{"start":{"line":58,"column":12},"end":{"line":58,"column":31}},"30":{"start":{"line":58,"column":21},"end":{"line":58,"column":31}},"31":{"start":{"line":59,"column":12},"end":{"line":59,"column":41}},"32":{"start":{"line":60,"column":12},"end":{"line":63,"column":14}},"33":{"start":{"line":61,"column":16},"end":{"line":61,"column":39}},"34":{"start":{"line":61,"column":27},"end":{"line":61,"column":39}},"35":{"start":{"line":62,"column":16},"end":{"line":62,"column":27}},"36":{"start":{"line":68,"column":17},"end":{"line":68,"column":30}},"37":{"start":{"line":69,"column":8},"end":{"line":74,"column":14}},"38":{"start":{"line":72,"column":16},"end":{"line":72,"column":39}},"39":{"start":{"line":72,"column":27},"end":{"line":72,"column":39}},"40":{"start":{"line":73,"column":16},"end":{"line":73,"column":33}},"41":{"start":{"line":78,"column":0},"end":{"line":78,"column":24}}},"fnMap":{"0":{"name":"(anonymous_0)","decl":{"start":{"line":12,"column":47},"end":{"line":12,"column":48}},"loc":{"start":{"line":12,"column":73},"end":{"line":18,"column":5}},"line":12},"1":{"name":"(anonymous_1)","decl":{"start":{"line":15,"column":18},"end":{"line":15,"column":19}},"loc":{"start":{"line":15,"column":30},"end":{"line":17,"column":13}},"line":15},"2":{"name":"(anonymous_2)","decl":{"start":{"line":19,"column":20},"end":{"line":19,"column":21}},"loc":{"start":{"line":19,"column":34},"end":{"line":25,"column":5}},"line":19},"3":{"name":"(anonymous_3)","decl":{"start":{"line":22,"column":18},"end":{"line":22,"column":19}},"loc":{"start":{"line":22,"column":24},"end":{"line":24,"column":13}},"line":22},"4":{"name":"(anonymous_4)","decl":{"start":{"line":26,"column":17},"end":{"line":26,"column":18}},"loc":{"start":{"line":26,"column":31},"end":{"line":32,"column":5}},"line":26},"5":{"name":"(anonymous_5)","decl":{"start":{"line":29,"column":18},"end":{"line":29,"column":19}},"loc":{"start":{"line":29,"column":29},"end":{"line":31,"column":13}},"line":29},"6":{"name":"(anonymous_6)","decl":{"start":{"line":33,"column":15},"end":{"line":33,"column":16}},"loc":{"start":{"line":33,"column":35},"end":{"line":40,"column":5}},"line":33},"7":{"name":"(anonymous_7)","decl":{"start":{"line":37,"column":18},"end":{"line":37,"column":19}},"loc":{"start":{"line":37,"column":29},"end":{"line":39,"column":13}},"line":37},"8":{"name":"(anonymous_8)","decl":{"start":{"line":41,"column":17},"end":{"line":41,"column":18}},"loc":{"start":{"line":41,"column":37},"end":{"line":53,"column":5}},"line":41},"9":{"name":"(anonymous_9)","decl":{"start":{"line":45,"column":18},"end":{"line":45,"column":19}},"loc":{"start":{"line":45,"column":29},"end":{"line":52,"column":13}},"line":45},"10":{"name":"(anonymous_10)","decl":{"start":{"line":49,"column":26},"end":{"line":49,"column":27}},"loc":{"start":{"line":49,"column":39},"end":{"line":51,"column":21}},"line":49},"11":{"name":"(anonymous_11)","decl":{"start":{"line":54,"column":26},"end":{"line":54,"column":27}},"loc":{"start":{"line":54,"column":46},"end":{"line":66,"column":5}},"line":54},"12":{"name":"(anonymous_12)","decl":{"start":{"line":57,"column":37},"end":{"line":57,"column":38}},"loc":{"start":{"line":57,"column":55},"end":{"line":64,"column":9}},"line":57},"13":{"name":"(anonymous_13)","decl":{"start":{"line":60,"column":24},"end":{"line":60,"column":25}},"loc":{"start":{"line":60,"column":38},"end":{"line":63,"column":13}},"line":60},"14":{"name":"(anonymous_14)","decl":{"start":{"line":67,"column":25},"end":{"line":67,"column":26}},"loc":{"start":{"line":67,"column":45},"end":{"line":75,"column":5}},"line":67},"15":{"name":"(anonymous_15)","decl":{"start":{"line":71,"column":18},"end":{"line":71,"column":19}},"loc":{"start":{"line":71,"column":44},"end":{"line":74,"column":13}},"line":71}},"branchMap":{"0":{"loc":{"start":{"line":58,"column":12},"end":{"line":58,"column":31}},"type":"if","locations":[{"start":{"line":58,"column":12},"end":{"line":58,"column":31}},{"start":{"line":58,"column":12},"end":{"line":58,"column":31}}],"line":58},"1":{"loc":{"start":{"line":61,"column":16},"end":{"line":61,"column":39}},"type":"if","locations":[{"start":{"line":61,"column":16},"end":{"line":61,"column":39}},{"start":{"line":61,"column":16},"end":{"line":61,"column":39}}],"line":61},"2":{"loc":{"start":{"line":72,"column":16},"end":{"line":72,"column":39}},"type":"if","locations":[{"start":{"line":72,"column":16},"end":{"line":72,"column":39}},{"start":{"line":72,"column":16},"end":{"line":72,"column":39}}],"line":72}},"s":{"0":1,"1":1,"2":1,"3":1,"4":1,"5":1,"6":0,"7":0,"8":0,"9":0,"10":0,"11":0,"12":0,"13":0,"14":0,"15":0,"16":0,"17":0,"18":0,"19":0,"20":0,"21":0,"22":0,"23":0,"24":0,"25":0,"26":0,"27":0,"28":0,"29":0,"30":0,"31":0,"32":0,"33":0,"34":0,"35":0,"36":0,"37":0,"38":0,"39":0,"40":0,"41":1},"f":{"0":0,"1":0,"2":0,"3":0,"4":0,"5":0,"6":0,"7":0,"8":0,"9":0,"10":0,"11":0,"12":0,"13":0,"14":0,"15":0},"b":{"0":[0,0],"1":[0,0],"2":[0,0]},"_coverageSchema":"43e27e138ebf9cfc5966b082cf9a028302ed4184","hash":"76c4c03119daf2265976345747b3bcee26ed82ed"}
,"/Users/nag-training/Desktop/example-apps/products-catalog-v2/routes/users.js": {"path":"/Users/nag-training/Desktop/example-apps/products-catalog-v2/routes/users.js","statementMap":{"0":{"start":{"line":1,"column":14},"end":{"line":1,"column":32}},"1":{"start":{"line":2,"column":13},"end":{"line":2,"column":29}},"2":{"start":{"line":3,"column":11},"end":{"line":3,"column":35}},"3":{"start":{"line":4,"column":17},"end":{"line":4,"column":36}},"4":{"start":{"line":5,"column":15},"end":{"line":5,"column":34}},"5":{"start":{"line":8,"column":0},"end":{"line":10,"column":3}},"6":{"start":{"line":9,"column":2},"end":{"line":9,"column":36}},"7":{"start":{"line":12,"column":0},"end":{"line":14,"column":3}},"8":{"start":{"line":13,"column":2},"end":{"line":13,"column":33}},"9":{"start":{"line":17,"column":0},"end":{"line":23,"column":3}},"10":{"start":{"line":18,"column":2},"end":{"line":22,"column":21}},"11":{"start":{"line":19,"column":4},"end":{"line":21,"column":43}},"12":{"start":{"line":19,"column":13},"end":{"line":19,"column":45}},"13":{"start":{"line":20,"column":9},"end":{"line":21,"column":43}},"14":{"start":{"line":20,"column":19},"end":{"line":20,"column":79}},"15":{"start":{"line":21,"column":9},"end":{"line":21,"column":43}},"16":{"start":{"line":25,"column":0},"end":{"line":28,"column":2}},"17":{"start":{"line":26,"column":2},"end":{"line":26,"column":15}},"18":{"start":{"line":27,"column":2},"end":{"line":27,"column":19}},"19":{"start":{"line":30,"column":0},"end":{"line":45,"column":3}},"20":{"start":{"line":31,"column":13},"end":{"line":31,"column":21}},"21":{"start":{"line":32,"column":21},"end":{"line":32,"column":23}},"22":{"start":{"line":33,"column":30},"end":{"line":33,"column":43}},"23":{"start":{"line":34,"column":2},"end":{"line":44,"column":5}},"24":{"start":{"line":35,"column":4},"end":{"line":43,"column":7}},"25":{"start":{"line":36,"column":20},"end":{"line":36,"column":34}},"26":{"start":{"line":37,"column":6},"end":{"line":37,"column":30}},"27":{"start":{"line":38,"column":6},"end":{"line":42,"column":10}},"28":{"start":{"line":41,"column":10},"end":{"line":41,"column":38}},"29":{"start":{"line":49,"column":0},"end":{"line":49,"column":24}}},"fnMap":{"0":{"name":"(anonymous_0)","decl":{"start":{"line":8,"column":24},"end":{"line":8,"column":25}},"loc":{"start":{"line":8,"column":50},"end":{"line":10,"column":1}},"line":8},"1":{"name":"(anonymous_1)","decl":{"start":{"line":12,"column":21},"end":{"line":12,"column":22}},"loc":{"start":{"line":12,"column":47},"end":{"line":14,"column":1}},"line":12},"2":{"name":"(anonymous_2)","decl":{"start":{"line":17,"column":22},"end":{"line":17,"column":23}},"loc":{"start":{"line":17,"column":48},"end":{"line":23,"column":1}},"line":17},"3":{"name":"(anonymous_3)","decl":{"start":{"line":18,"column":33},"end":{"line":18,"column":34}},"loc":{"start":{"line":18,"column":54},"end":{"line":22,"column":3}},"line":18},"4":{"name":"(anonymous_4)","decl":{"start":{"line":25,"column":22},"end":{"line":25,"column":23}},"loc":{"start":{"line":25,"column":42},"end":{"line":28,"column":1}},"line":25},"5":{"name":"(anonymous_5)","decl":{"start":{"line":30,"column":25},"end":{"line":30,"column":26}},"loc":{"start":{"line":30,"column":51},"end":{"line":45,"column":1}},"line":30},"6":{"name":"(anonymous_6)","decl":{"start":{"line":34,"column":29},"end":{"line":34,"column":30}},"loc":{"start":{"line":34,"column":50},"end":{"line":44,"column":3}},"line":34},"7":{"name":"(anonymous_7)","decl":{"start":{"line":35,"column":43},"end":{"line":35,"column":44}},"loc":{"start":{"line":35,"column":64},"end":{"line":43,"column":5}},"line":35},"8":{"name":"(anonymous_8)","decl":{"start":{"line":39,"column":14},"end":{"line":39,"column":15}},"loc":{"start":{"line":39,"column":20},"end":{"line":42,"column":9}},"line":39}},"branchMap":{"0":{"loc":{"start":{"line":19,"column":4},"end":{"line":21,"column":43}},"type":"if","locations":[{"start":{"line":19,"column":4},"end":{"line":21,"column":43}},{"start":{"line":19,"column":4},"end":{"line":21,"column":43}}],"line":19},"1":{"loc":{"start":{"line":20,"column":9},"end":{"line":21,"column":43}},"type":"if","locations":[{"start":{"line":20,"column":9},"end":{"line":21,"column":43}},{"start":{"line":20,"column":9},"end":{"line":21,"column":43}}],"line":20}},"s":{"0":1,"1":1,"2":1,"3":1,"4":1,"5":1,"6":0,"7":1,"8":0,"9":1,"10":0,"11":0,"12":0,"13":0,"14":0,"15":0,"16":1,"17":0,"18":0,"19":1,"20":0,"21":0,"22":0,"23":0,"24":0,"25":0,"26":0,"27":0,"28":0,"29":1},"f":{"0":0,"1":0,"2":0,"3":0,"4":0,"5":0,"6":0,"7":0,"8":0},"b":{"0":[0,0],"1":[0,0]},"_coverageSchema":"43e27e138ebf9cfc5966b082cf9a028302ed4184","hash":"61beb667a23958c5bf5e1086da39fb83f5d23cf1"}
}
